mode: set
terraform-provider-andrzejtest/internal/provider/map_product_function.go:20.48,22.2 1 1
terraform-provider-andrzejtest/internal/provider/map_product_function.go:24.123,26.2 1 1
terraform-provider-andrzejtest/internal/provider/map_product_function.go:28.129,55.2 1 1
terraform-provider-andrzejtest/internal/provider/map_product_function.go:57.108,66.42 6 1
terraform-provider-andrzejtest/internal/provider/map_product_function.go:66.42,67.46 1 1
terraform-provider-andrzejtest/internal/provider/map_product_function.go:67.46,73.4 2 1
terraform-provider-andrzejtest/internal/provider/map_product_function.go:77.2,77.82 1 1
terraform-provider-andrzejtest/internal/provider/provider.go:33.124,36.2 2 1
terraform-provider-andrzejtest/internal/provider/provider.go:38.118,40.2 1 1
terraform-provider-andrzejtest/internal/provider/provider.go:43.128,44.2 0 0
terraform-provider-andrzejtest/internal/provider/provider.go:46.89,51.2 1 1
terraform-provider-andrzejtest/internal/provider/provider.go:53.95,58.2 1 1
terraform-provider-andrzejtest/internal/provider/provider.go:60.89,67.2 1 1
terraform-provider-andrzejtest/internal/provider/provider.go:69.51,70.34 1 1
terraform-provider-andrzejtest/internal/provider/provider.go:70.34,74.3 1 1
terraform-provider-andrzejtest/internal/provider/validate_cidr_function.go:18.50,20.2 1 1
terraform-provider-andrzejtest/internal/provider/validate_cidr_function.go:22.125,24.2 1 1
terraform-provider-andrzejtest/internal/provider/validate_cidr_function.go:26.131,38.2 1 1
terraform-provider-andrzejtest/internal/provider/validate_cidr_function.go:40.110,44.23 3 1
terraform-provider-andrzejtest/internal/provider/validate_cidr_function.go:44.23,46.3 1 0
terraform-provider-andrzejtest/internal/provider/validate_cidr_function.go:48.2,51.82 3 1
terraform-provider-andrzejtest/internal/provider/validate_hostcidr_function.go:18.54,20.2 1 1
terraform-provider-andrzejtest/internal/provider/validate_hostcidr_function.go:22.129,24.2 1 1
terraform-provider-andrzejtest/internal/provider/validate_hostcidr_function.go:26.135,40.2 1 1
terraform-provider-andrzejtest/internal/provider/validate_hostcidr_function.go:42.114,46.23 3 1
terraform-provider-andrzejtest/internal/provider/validate_hostcidr_function.go:46.23,48.3 1 0
terraform-provider-andrzejtest/internal/provider/validate_hostcidr_function.go:50.2,53.35 3 1
terraform-provider-andrzejtest/internal/provider/validate_hostcidr_function.go:53.35,56.29 2 1
terraform-provider-andrzejtest/internal/provider/validate_hostcidr_function.go:56.29,58.4 1 1
terraform-provider-andrzejtest/internal/provider/validate_hostcidr_function.go:59.3,59.57 1 1
terraform-provider-andrzejtest/internal/provider/validate_hostcidr_function.go:62.2,62.82 1 1
terraform-provider-andrzejtest/internal/provider/validate_netcidr_function.go:18.53,20.2 1 1
terraform-provider-andrzejtest/internal/provider/validate_netcidr_function.go:22.128,24.2 1 1
terraform-provider-andrzejtest/internal/provider/validate_netcidr_function.go:26.134,40.2 1 1
terraform-provider-andrzejtest/internal/provider/validate_netcidr_function.go:42.113,46.23 3 1
terraform-provider-andrzejtest/internal/provider/validate_netcidr_function.go:46.23,48.3 1 0
terraform-provider-andrzejtest/internal/provider/validate_netcidr_function.go:50.2,53.82 3 1
